<?xml version="1.0" encoding="UTF-8"?>
<!-- Generated by org.testng.reporters.JUnitXMLReporter -->
<testsuite ignored="0" hostname="PawanBokolia" failures="0" tests="4" name="Master" time="40.345" errors="0" timestamp="2025-11-29T14:52:22 IST">
  <testcase classname="testCases.TC003_ContactUs" name="contactus" time="10.136"/>
  <testcase classname="testCases.TC002_NewsLetterSuccess" name="NewsLetterSuccess" time="15.093"/>
  <testcase classname="testCases.TC001_MegaMenu" name="megamenu" time="22.758"/>
  <testcase classname="testCases.TC004_AboutUs" name="aboutUs" time="22.196"/>
</testsuite> <!-- Master -->
