<?xml version="1.0" encoding="UTF-8"?>
<testng-results ignored="0" total="1" passed="1" failed="0" skipped="0">
  <reporter-output>
  </reporter-output>
  <suite started-at="2025-12-01T19:18:11 IST" name="Suite" finished-at="2025-12-01T19:18:41 IST" duration-ms="29532">
    <groups>
    </groups>
    <test started-at="2025-12-01T19:18:11 IST" name="serial" finished-at="2025-12-01T19:18:41 IST" duration-ms="29532">
      <class name="testCases.TC007_AddAndRemoveWishList">
        <test-method is-config="true" signature="setUp(java.lang.String,java.lang.String,org.testng.ITestContext)[pri:0, instance:testCases.TC007_AddAndRemoveWishList@26794848]" started-at="2025-12-01T19:18:12 IST" name="setUp" finished-at="2025-12-01T19:18:22 IST" duration-ms="10473" status="PASS">
          <params>
            <param index="0">
              <value>
                <![CDATA[windows]]>
              </value>
            </param>
            <param index="1">
              <value>
                <![CDATA[chrome]]>
              </value>
            </param>
            <param index="2">
              <value>
                <![CDATA[org.testng.TestRunner@6848a051]]>
              </value>
            </param>
          </params>
          <reporter-output>
          </reporter-output>
        </test-method> <!-- setUp -->
        <test-method signature="AddAndRemoveWishList()[pri:0, instance:testCases.TC007_AddAndRemoveWishList@26794848]" started-at="2025-12-01T19:18:22 IST" name="AddAndRemoveWishList" finished-at="2025-12-01T19:18:41 IST" duration-ms="18327" status="PASS">
          <reporter-output>
          </reporter-output>
        </test-method> <!-- AddAndRemoveWishList -->
        <test-method is-config="true" signature="tearDown()[pri:0, instance:testCases.TC007_AddAndRemoveWishList@26794848]" started-at="2025-12-01T19:18:41 IST" name="tearDown" finished-at="2025-12-01T19:18:41 IST" duration-ms="220" status="PASS">
          <reporter-output>
          </reporter-output>
        </test-method> <!-- tearDown -->
      </class> <!-- testCases.TC007_AddAndRemoveWishList -->
    </test> <!-- serial -->
  </suite> <!-- Suite -->
</testng-results>
